

Started GET "/assets/rails.png" for 127.0.0.1 at 2013-01-08 15:42:10 -0500
Connecting to database specified by database.yml
Served asset /rails.png - 200 OK (4ms)
Connecting to database specified by database.yml
Connecting to database specified by database.yml
Connecting to database specified by database.yml
Connecting to database specified by database.yml


Started GET "/" for 127.0.0.1 at 2013-01-08 16:02:54 -0500
Connecting to database specified by database.yml

ActionController::RoutingError (No route matches [GET] "/"):
  actionpack (3.2.11) lib/action_dispatch/middleware/debug_exceptions.rb:21:in `call'
  actionpack (3.2.11) lib/action_dispatch/middleware/show_exceptions.rb:56:in `call'
  railties (3.2.11) lib/rails/rack/logger.rb:32:in `call_app'
  railties (3.2.11) lib/rails/rack/logger.rb:16:in `block in call'
  activesupport (3.2.11) lib/active_support/tagged_logging.rb:22:in `tagged'
  railties (3.2.11) lib/rails/rack/logger.rb:16:in `call'
  actionpack (3.2.11) lib/action_dispatch/middleware/request_id.rb:22:in `call'
  rack (1.4.3) lib/rack/methodoverride.rb:21:in `call'
  rack (1.4.3) lib/rack/runtime.rb:17:in `call'
  activesupport (3.2.11) lib/active_support/cache/strategy/local_cache.rb:72:in `call'
  rack (1.4.3) lib/rack/lock.rb:15:in `call'
  actionpack (3.2.11) lib/action_dispatch/middleware/static.rb:62:in `call'
  railties (3.2.11) lib/rails/engine.rb:479:in `call'
  railties (3.2.11) lib/rails/application.rb:223:in `call'
  rack (1.4.3) lib/rack/content_length.rb:14:in `call'
  railties (3.2.11) lib/rails/rack/log_tailer.rb:17:in `call'
  rack (1.4.3) lib/rack/handler/webrick.rb:59:in `service'
  /Users/nstevens/.rbenv/versions/1.9.3-rc1/lib/ruby/1.9.1/webrick/httpserver.rb:138:in `service'
  /Users/nstevens/.rbenv/versions/1.9.3-rc1/lib/ruby/1.9.1/webrick/httpserver.rb:94:in `run'
  /Users/nstevens/.rbenv/versions/1.9.3-rc1/lib/ruby/1.9.1/webrick/server.rb:191:in `block in start_thread'


  Rendered /Users/nstevens/.rbenv/versions/1.9.3-rc1/lib/ruby/gems/1.9.1/gems/actionpack-3.2.11/lib/action_dispatch/middleware/templates/rescues/routing_error.erb within rescues/layout (1.5ms)
Connecting to database specified by database.yml
  [1m[36m (0.1ms)[0m  [1mselect sqlite_version(*)[0m
  [1m[35m (1.3ms)[0m  CREATE TABLE "schema_migrations" ("version" varchar(255) NOT NULL) 
  [1m[36m (1.5ms)[0m  [1mCREATE UNIQUE INDEX "unique_schema_migrations" ON "schema_migrations" ("version")[0m
  [1m[35m (0.1ms)[0m  SELECT "schema_migrations"."version" FROM "schema_migrations" 
Migrating to CreateOrders (20130108210139)
  [1m[36m (0.0ms)[0m  [1mbegin transaction[0m
  [1m[35m (0.2ms)[0m  CREATE TABLE "orders" ("id" INTEGER PRIMARY KEY AUTOINCREMENT NOT NULL, "item" varchar(255), "placed" datetime, "fulfilled" datetime, "created_at" datetime NOT NULL, "updated_at" datetime NOT NULL) 
  [1m[36m (0.1ms)[0m  [1mINSERT INTO "schema_migrations" ("version") VALUES ('20130108210139')[0m
  [1m[35m (1.3ms)[0m  commit transaction
  [1m[36m (0.1ms)[0m  [1mSELECT "schema_migrations"."version" FROM "schema_migrations" [0m


Started GET "/orders" for 127.0.0.1 at 2013-01-08 16:04:47 -0500
Connecting to database specified by database.yml
Processing by OrdersController#index as HTML
  [1m[36mOrder Load (0.1ms)[0m  [1mSELECT "orders".* FROM "orders" [0m
  Rendered orders/index.html.erb within layouts/application (1.7ms)
Compiled orders.css  (32ms)  (pid 25924)
Compiled scaffolds.css  (13ms)  (pid 25924)
Compiled application.css  (56ms)  (pid 25924)
Compiled jquery.js  (15ms)  (pid 25924)
Compiled jquery_ujs.js  (0ms)  (pid 25924)
Compiled orders.js  (147ms)  (pid 25924)
Compiled application.js  (215ms)  (pid 25924)
Completed 200 OK in 352ms (Views: 324.6ms | ActiveRecord: 1.8ms)


Started GET "/assets/application.css?body=1" for 127.0.0.1 at 2013-01-08 16:04:48 -0500
Served asset /application.css - 200 OK (7ms)


Started GET "/assets/jquery.js?body=1" for 127.0.0.1 at 2013-01-08 16:04:48 -0500
Served asset /jquery.js - 200 OK (1ms)


Started GET "/assets/scaffolds.css?body=1" for 127.0.0.1 at 2013-01-08 16:04:48 -0500
Served asset /scaffolds.css - 200 OK (1ms)


Started GET "/assets/orders.css?body=1" for 127.0.0.1 at 2013-01-08 16:04:48 -0500
Served asset /orders.css - 200 OK (1ms)


Started GET "/assets/jquery_ujs.js?body=1" for 127.0.0.1 at 2013-01-08 16:04:48 -0500
Served asset /jquery_ujs.js - 200 OK (1ms)


Started GET "/assets/orders.js?body=1" for 127.0.0.1 at 2013-01-08 16:04:48 -0500
Served asset /orders.js - 200 OK (0ms)


Started GET "/assets/application.js?body=1" for 127.0.0.1 at 2013-01-08 16:04:48 -0500
Served asset /application.js - 200 OK (3ms)


Started GET "/orders/new" for 127.0.0.1 at 2013-01-08 16:04:54 -0500
Processing by OrdersController#new as HTML
  Rendered orders/_form.html.erb (115.3ms)
  Rendered orders/new.html.erb within layouts/application (130.4ms)
Completed 200 OK in 138ms (Views: 133.5ms | ActiveRecord: 0.0ms)


Started POST "/orders" for 127.0.0.1 at 2013-01-08 16:05:00 -0500
Processing by OrdersController#create as HTML
  Parameters: {"utf8"=>"✓", "authenticity_token"=>"ez+XzDoRRdQkYflBkiJ03w5ylXx3L99aWFqPDhdyVik=", "order"=>{"item"=>"cappuccino", "placed(1i)"=>"2013", "placed(2i)"=>"1", "placed(3i)"=>"8", "placed(4i)"=>"21", "placed(5i)"=>"04", "fulfilled(1i)"=>"2013", "fulfilled(2i)"=>"1", "fulfilled(3i)"=>"8", "fulfilled(4i)"=>"21", "fulfilled(5i)"=>"04"}, "commit"=>"Create Order"}
  [1m[35m (0.1ms)[0m  begin transaction
  [1m[36mSQL (3.8ms)[0m  [1mINSERT INTO "orders" ("created_at", "fulfilled", "item", "placed", "updated_at") VALUES (?, ?, ?, ?, ?)[0m  [["created_at", Tue, 08 Jan 2013 21:05:00 UTC +00:00], ["fulfilled", Tue, 08 Jan 2013 21:04:00 UTC +00:00], ["item", "cappuccino"], ["placed", Tue, 08 Jan 2013 21:04:00 UTC +00:00], ["updated_at", Tue, 08 Jan 2013 21:05:00 UTC +00:00]]
  [1m[35m (1.4ms)[0m  commit transaction
Redirected to http://localhost:3001/orders/1
Completed 302 Found in 10ms (ActiveRecord: 5.3ms)


Started GET "/orders/1" for 127.0.0.1 at 2013-01-08 16:05:00 -0500
Processing by OrdersController#show as HTML
  Parameters: {"id"=>"1"}
  [1m[36mOrder Load (0.2ms)[0m  [1mSELECT "orders".* FROM "orders" WHERE "orders"."id" = ? LIMIT 1[0m  [["id", "1"]]
  Rendered orders/show.html.erb within layouts/application (1.0ms)
Completed 200 OK in 6ms (Views: 4.0ms | ActiveRecord: 0.2ms)


Started GET "/orders" for 127.0.0.1 at 2013-01-08 16:05:02 -0500
Processing by OrdersController#index as HTML
  [1m[35mOrder Load (0.1ms)[0m  SELECT "orders".* FROM "orders" 
  Rendered orders/index.html.erb within layouts/application (1.0ms)
Completed 200 OK in 5ms (Views: 3.9ms | ActiveRecord: 0.1ms)


Started GET "/orders" for 127.0.0.1 at 2013-01-08 16:05:04 -0500
Processing by OrdersController#index as HTML
  [1m[36mOrder Load (0.1ms)[0m  [1mSELECT "orders".* FROM "orders" [0m
  Rendered orders/index.html.erb within layouts/application (0.8ms)
Completed 200 OK in 4ms (Views: 3.6ms | ActiveRecord: 0.1ms)


Started GET "/assets/orders.css?body=1" for 127.0.0.1 at 2013-01-08 16:05:04 -0500
Served asset /orders.css - 304 Not Modified (0ms)


Started GET "/assets/jquery_ujs.js?body=1" for 127.0.0.1 at 2013-01-08 16:05:04 -0500
Served asset /jquery_ujs.js - 304 Not Modified (0ms)


Started GET "/assets/scaffolds.css?body=1" for 127.0.0.1 at 2013-01-08 16:05:04 -0500
Served asset /scaffolds.css - 304 Not Modified (0ms)


Started GET "/assets/jquery.js?body=1" for 127.0.0.1 at 2013-01-08 16:05:04 -0500
Served asset /jquery.js - 304 Not Modified (0ms)


Started GET "/assets/application.css?body=1" for 127.0.0.1 at 2013-01-08 16:05:04 -0500
Served asset /application.css - 304 Not Modified (0ms)


Started GET "/assets/orders.js?body=1" for 127.0.0.1 at 2013-01-08 16:05:04 -0500
Served asset /orders.js - 304 Not Modified (0ms)


Started GET "/assets/application.js?body=1" for 127.0.0.1 at 2013-01-08 16:05:04 -0500
Served asset /application.js - 304 Not Modified (0ms)
Connecting to database specified by database.yml
Connecting to database specified by database.yml
  [1m[36m (0.1ms)[0m  [1mSELECT "schema_migrations"."version" FROM "schema_migrations" [0m
Migrating to CreateOrders (20130108210139)
Migrating to CreateStores (20130108210612)
  [1m[35m (0.0ms)[0m  select sqlite_version(*)
  [1m[36m (0.0ms)[0m  [1mbegin transaction[0m
  [1m[35m (0.3ms)[0m  CREATE TABLE "stores" ("id" INTEGER PRIMARY KEY AUTOINCREMENT NOT NULL, "variable" varchar(255), "value" text, "created_at" datetime NOT NULL, "updated_at" datetime NOT NULL) 
  [1m[36m (0.1ms)[0m  [1mINSERT INTO "schema_migrations" ("version") VALUES ('20130108210612')[0m
  [1m[35m (2.2ms)[0m  commit transaction
  [1m[36m (0.1ms)[0m  [1mSELECT "schema_migrations"."version" FROM "schema_migrations" [0m


Started GET "/orders" for 127.0.0.1 at 2013-01-08 16:17:06 -0500
Connecting to database specified by database.yml
Processing by OrdersController#index as HTML
  [1m[36mOrder Load (0.1ms)[0m  [1mSELECT "orders".* FROM "orders" [0m
  Rendered orders/index.html.erb within layouts/application (3.3ms)
Compiled stores.css  (3ms)  (pid 28631)
Compiled application.css  (22ms)  (pid 28631)
Compiled stores.js  (50ms)  (pid 28631)
Compiled application.js  (59ms)  (pid 28631)
Completed 200 OK in 201ms (Views: 172.4ms | ActiveRecord: 1.1ms)


Started GET "/assets/scaffolds.css?body=1" for 127.0.0.1 at 2013-01-08 16:17:07 -0500
Served asset /scaffolds.css - 304 Not Modified (1ms)


Started GET "/assets/application.css?body=1" for 127.0.0.1 at 2013-01-08 16:17:07 -0500
Served asset /application.css - 304 Not Modified (3ms)


Started GET "/assets/orders.css?body=1" for 127.0.0.1 at 2013-01-08 16:17:07 -0500
Served asset /orders.css - 304 Not Modified (1ms)


Started GET "/assets/jquery_ujs.js?body=1" for 127.0.0.1 at 2013-01-08 16:17:07 -0500
Served asset /jquery_ujs.js - 304 Not Modified (2ms)


Started GET "/assets/stores.css?body=1" for 127.0.0.1 at 2013-01-08 16:17:07 -0500
Served asset /stores.css - 200 OK (1ms)


Started GET "/assets/jquery.js?body=1" for 127.0.0.1 at 2013-01-08 16:17:07 -0500
Served asset /jquery.js - 304 Not Modified (1ms)


Started GET "/assets/orders.js?body=1" for 127.0.0.1 at 2013-01-08 16:17:07 -0500
Served asset /orders.js - 304 Not Modified (0ms)


Started GET "/assets/stores.js?body=1" for 127.0.0.1 at 2013-01-08 16:17:07 -0500
Served asset /stores.js - 200 OK (0ms)


Started GET "/assets/application.js?body=1" for 127.0.0.1 at 2013-01-08 16:17:07 -0500
Served asset /application.js - 304 Not Modified (3ms)
Connecting to database specified by database.yml
  [1m[36m (0.8ms)[0m  [1mselect sqlite_version(*)[0m
  [1m[35m (1.3ms)[0m  CREATE TABLE "orders" ("id" INTEGER PRIMARY KEY AUTOINCREMENT NOT NULL, "item" varchar(255), "placed" datetime, "fulfilled" datetime, "created_at" datetime NOT NULL, "updated_at" datetime NOT NULL) 
  [1m[36m (1.4ms)[0m  [1mCREATE TABLE "stores" ("id" INTEGER PRIMARY KEY AUTOINCREMENT NOT NULL, "variable" varchar(255), "value" text, "created_at" datetime NOT NULL, "updated_at" datetime NOT NULL) [0m
  [1m[35m (1.3ms)[0m  CREATE TABLE "schema_migrations" ("version" varchar(255) NOT NULL) 
  [1m[36m (1.4ms)[0m  [1mCREATE UNIQUE INDEX "unique_schema_migrations" ON "schema_migrations" ("version")[0m
  [1m[35m (0.0ms)[0m  SELECT version FROM "schema_migrations"
  [1m[36m (1.3ms)[0m  [1mINSERT INTO "schema_migrations" (version) VALUES ('20130108210612')[0m
  [1m[35m (1.4ms)[0m  INSERT INTO "schema_migrations" (version) VALUES ('20130108210139')


Started GET "/orders" for 127.0.0.1 at 2013-01-08 16:20:07 -0500
Connecting to database specified by database.yml
Processing by OrdersController#index as HTML
  [1m[36mOrder Load (0.1ms)[0m  [1mSELECT "orders".* FROM "orders" [0m
  Rendered orders/index.html.erb within layouts/application (3.3ms)
Completed 200 OK in 51ms (Views: 23.3ms | ActiveRecord: 1.1ms)


Started GET "/assets/application.css?body=1" for 127.0.0.1 at 2013-01-08 16:20:07 -0500
Served asset /application.css - 304 Not Modified (2ms)


Started GET "/assets/orders.css?body=1" for 127.0.0.1 at 2013-01-08 16:20:07 -0500
Served asset /orders.css - 304 Not Modified (1ms)


Started GET "/assets/scaffolds.css?body=1" for 127.0.0.1 at 2013-01-08 16:20:07 -0500
Served asset /scaffolds.css - 304 Not Modified (2ms)


Started GET "/assets/jquery.js?body=1" for 127.0.0.1 at 2013-01-08 16:20:07 -0500
Served asset /jquery.js - 304 Not Modified (2ms)


Started GET "/assets/jquery_ujs.js?body=1" for 127.0.0.1 at 2013-01-08 16:20:07 -0500
Served asset /jquery_ujs.js - 304 Not Modified (2ms)


Started GET "/assets/stores.css?body=1" for 127.0.0.1 at 2013-01-08 16:20:07 -0500
Served asset /stores.css - 304 Not Modified (0ms)


Started GET "/assets/orders.js?body=1" for 127.0.0.1 at 2013-01-08 16:20:07 -0500
Served asset /orders.js - 304 Not Modified (1ms)


Started GET "/assets/stores.js?body=1" for 127.0.0.1 at 2013-01-08 16:20:07 -0500
Served asset /stores.js - 304 Not Modified (1ms)


Started GET "/assets/application.js?body=1" for 127.0.0.1 at 2013-01-08 16:20:07 -0500
Served asset /application.js - 304 Not Modified (4ms)


Started GET "/orders" for 127.0.0.1 at 2013-01-08 16:20:08 -0500
Processing by OrdersController#index as HTML
  [1m[35mOrder Load (0.1ms)[0m  SELECT "orders".* FROM "orders" 
  Rendered orders/index.html.erb within layouts/application (1.0ms)
Completed 200 OK in 5ms (Views: 4.5ms | ActiveRecord: 0.1ms)


Started GET "/assets/application.css?body=1" for 127.0.0.1 at 2013-01-08 16:20:08 -0500
Served asset /application.css - 304 Not Modified (0ms)


Started GET "/assets/orders.css?body=1" for 127.0.0.1 at 2013-01-08 16:20:08 -0500
Served asset /orders.css - 304 Not Modified (0ms)


Started GET "/assets/stores.css?body=1" for 127.0.0.1 at 2013-01-08 16:20:08 -0500
Served asset /stores.css - 304 Not Modified (0ms)


Started GET "/assets/jquery_ujs.js?body=1" for 127.0.0.1 at 2013-01-08 16:20:08 -0500
Served asset /jquery_ujs.js - 304 Not Modified (0ms)


Started GET "/assets/scaffolds.css?body=1" for 127.0.0.1 at 2013-01-08 16:20:08 -0500
Served asset /scaffolds.css - 304 Not Modified (0ms)


Started GET "/assets/jquery.js?body=1" for 127.0.0.1 at 2013-01-08 16:20:08 -0500
Served asset /jquery.js - 304 Not Modified (0ms)


Started GET "/assets/orders.js?body=1" for 127.0.0.1 at 2013-01-08 16:20:08 -0500
Served asset /orders.js - 304 Not Modified (0ms)


Started GET "/assets/stores.js?body=1" for 127.0.0.1 at 2013-01-08 16:20:08 -0500
Served asset /stores.js - 304 Not Modified (0ms)


Started GET "/assets/application.js?body=1" for 127.0.0.1 at 2013-01-08 16:20:08 -0500
Served asset /application.js - 304 Not Modified (0ms)


Started GET "/orders" for 127.0.0.1 at 2013-01-08 16:20:09 -0500
Processing by OrdersController#index as HTML
  [1m[36mOrder Load (0.1ms)[0m  [1mSELECT "orders".* FROM "orders" [0m
  Rendered orders/index.html.erb within layouts/application (0.9ms)
Completed 200 OK in 5ms (Views: 4.5ms | ActiveRecord: 0.1ms)


Started GET "/assets/application.css?body=1" for 127.0.0.1 at 2013-01-08 16:20:09 -0500
Served asset /application.css - 304 Not Modified (0ms)


Started GET "/assets/scaffolds.css?body=1" for 127.0.0.1 at 2013-01-08 16:20:09 -0500
Served asset /scaffolds.css - 304 Not Modified (0ms)


Started GET "/assets/orders.css?body=1" for 127.0.0.1 at 2013-01-08 16:20:09 -0500
Served asset /orders.css - 304 Not Modified (0ms)


Started GET "/assets/stores.css?body=1" for 127.0.0.1 at 2013-01-08 16:20:09 -0500
Served asset /stores.css - 304 Not Modified (0ms)


Started GET "/assets/jquery.js?body=1" for 127.0.0.1 at 2013-01-08 16:20:09 -0500
Served asset /jquery.js - 304 Not Modified (0ms)


Started GET "/assets/jquery_ujs.js?body=1" for 127.0.0.1 at 2013-01-08 16:20:09 -0500
Served asset /jquery_ujs.js - 304 Not Modified (0ms)


Started GET "/assets/orders.js?body=1" for 127.0.0.1 at 2013-01-08 16:20:09 -0500
Served asset /orders.js - 304 Not Modified (0ms)


Started GET "/assets/stores.js?body=1" for 127.0.0.1 at 2013-01-08 16:20:09 -0500
Served asset /stores.js - 304 Not Modified (0ms)


Started GET "/assets/application.js?body=1" for 127.0.0.1 at 2013-01-08 16:20:09 -0500
Served asset /application.js - 304 Not Modified (0ms)


Started GET "/orders" for 127.0.0.1 at 2013-01-08 16:20:09 -0500
Processing by OrdersController#index as HTML
  [1m[35mOrder Load (0.1ms)[0m  SELECT "orders".* FROM "orders" 
  Rendered orders/index.html.erb within layouts/application (1.0ms)
Completed 200 OK in 6ms (Views: 5.0ms | ActiveRecord: 0.1ms)


Started GET "/assets/application.css?body=1" for 127.0.0.1 at 2013-01-08 16:20:09 -0500
Served asset /application.css - 304 Not Modified (0ms)


Started GET "/assets/orders.css?body=1" for 127.0.0.1 at 2013-01-08 16:20:09 -0500
Served asset /orders.css - 304 Not Modified (0ms)


Started GET "/assets/jquery.js?body=1" for 127.0.0.1 at 2013-01-08 16:20:09 -0500
Served asset /jquery.js - 304 Not Modified (0ms)


Started GET "/assets/scaffolds.css?body=1" for 127.0.0.1 at 2013-01-08 16:20:09 -0500
Served asset /scaffolds.css - 304 Not Modified (0ms)


Started GET "/assets/stores.css?body=1" for 127.0.0.1 at 2013-01-08 16:20:09 -0500
Served asset /stores.css - 304 Not Modified (0ms)


Started GET "/assets/jquery_ujs.js?body=1" for 127.0.0.1 at 2013-01-08 16:20:09 -0500
Served asset /jquery_ujs.js - 304 Not Modified (0ms)


Started GET "/assets/orders.js?body=1" for 127.0.0.1 at 2013-01-08 16:20:09 -0500
Served asset /orders.js - 304 Not Modified (0ms)


Started GET "/assets/stores.js?body=1" for 127.0.0.1 at 2013-01-08 16:20:09 -0500
Served asset /stores.js - 304 Not Modified (0ms)


Started GET "/assets/application.js?body=1" for 127.0.0.1 at 2013-01-08 16:20:09 -0500
Served asset /application.js - 304 Not Modified (0ms)


Started GET "/orders" for 127.0.0.1 at 2013-01-08 16:20:09 -0500
Processing by OrdersController#index as HTML
  [1m[36mOrder Load (0.1ms)[0m  [1mSELECT "orders".* FROM "orders" [0m
  Rendered orders/index.html.erb within layouts/application (0.9ms)
Completed 200 OK in 5ms (Views: 4.4ms | ActiveRecord: 0.1ms)


Started GET "/assets/application.css?body=1" for 127.0.0.1 at 2013-01-08 16:20:10 -0500
Served asset /application.css - 304 Not Modified (0ms)


Started GET "/assets/stores.css?body=1" for 127.0.0.1 at 2013-01-08 16:20:10 -0500
Served asset /stores.css - 304 Not Modified (0ms)


Started GET "/assets/jquery.js?body=1" for 127.0.0.1 at 2013-01-08 16:20:10 -0500
Served asset /jquery.js - 304 Not Modified (0ms)


Started GET "/assets/orders.css?body=1" for 127.0.0.1 at 2013-01-08 16:20:10 -0500
Served asset /orders.css - 304 Not Modified (0ms)


Started GET "/assets/scaffolds.css?body=1" for 127.0.0.1 at 2013-01-08 16:20:10 -0500
Served asset /scaffolds.css - 304 Not Modified (0ms)


Started GET "/assets/jquery_ujs.js?body=1" for 127.0.0.1 at 2013-01-08 16:20:10 -0500
Served asset /jquery_ujs.js - 304 Not Modified (0ms)


Started GET "/assets/orders.js?body=1" for 127.0.0.1 at 2013-01-08 16:20:10 -0500
Served asset /orders.js - 304 Not Modified (0ms)


Started GET "/assets/stores.js?body=1" for 127.0.0.1 at 2013-01-08 16:20:10 -0500
Served asset /stores.js - 304 Not Modified (0ms)


Started GET "/assets/application.js?body=1" for 127.0.0.1 at 2013-01-08 16:20:10 -0500
Served asset /application.js - 304 Not Modified (0ms)


Started GET "/orders" for 127.0.0.1 at 2013-01-08 16:20:10 -0500
Processing by OrdersController#index as HTML
  [1m[35mOrder Load (0.2ms)[0m  SELECT "orders".* FROM "orders" 
  Rendered orders/index.html.erb within layouts/application (0.9ms)
Completed 200 OK in 5ms (Views: 4.6ms | ActiveRecord: 0.2ms)


Started GET "/assets/application.css?body=1" for 127.0.0.1 at 2013-01-08 16:20:10 -0500
Served asset /application.css - 304 Not Modified (0ms)


Started GET "/assets/orders.css?body=1" for 127.0.0.1 at 2013-01-08 16:20:10 -0500
Served asset /orders.css - 304 Not Modified (0ms)


Started GET "/assets/stores.css?body=1" for 127.0.0.1 at 2013-01-08 16:20:10 -0500
Served asset /stores.css - 304 Not Modified (0ms)


Started GET "/assets/jquery.js?body=1" for 127.0.0.1 at 2013-01-08 16:20:10 -0500
Served asset /jquery.js - 304 Not Modified (0ms)


Started GET "/assets/scaffolds.css?body=1" for 127.0.0.1 at 2013-01-08 16:20:10 -0500
Served asset /scaffolds.css - 304 Not Modified (0ms)


Started GET "/assets/jquery_ujs.js?body=1" for 127.0.0.1 at 2013-01-08 16:20:10 -0500
Served asset /jquery_ujs.js - 304 Not Modified (0ms)


Started GET "/assets/orders.js?body=1" for 127.0.0.1 at 2013-01-08 16:20:10 -0500
Served asset /orders.js - 304 Not Modified (0ms)


Started GET "/assets/stores.js?body=1" for 127.0.0.1 at 2013-01-08 16:20:10 -0500
Served asset /stores.js - 304 Not Modified (0ms)


Started GET "/assets/application.js?body=1" for 127.0.0.1 at 2013-01-08 16:20:10 -0500
Served asset /application.js - 304 Not Modified (0ms)
